#
# There is insufficient memory for the Java Runtime Environment to continue.
# Native memory allocation (malloc) failed to allocate 32744 bytes for ChunkPool::allocate
# Possible reasons:
#   The system is out of physical RAM or swap space
#   In 32 bit mode, the process size limit was hit
# Possible solutions:
#   Reduce memory load on the system
#   Increase physical memory or swap space
#   Check if swap backing store is full
#   Use 64 bit Java on a 64 bit OS
#   Decrease Java heap size (-Xmx/-Xms)
#   Decrease number of Java threads
#   Decrease Java thread stack sizes (-Xss)
#   Set larger code cache with -XX:ReservedCodeCacheSize=
# This output file may be truncated or incomplete.
#
#  Out of Memory Error (allocation.cpp:273), pid=19772, tid=0x0000000000004ac0
#
# JRE version: Java(TM) SE Runtime Environment (8.0_144-b01) (build 1.8.0_144-b01)
# Java VM: Java HotSpot(TM) 64-Bit Server VM (25.144-b01 mixed mode windows-amd64 compressed oops)
# Failed to write core dump. Minidumps are not enabled by default on client versions of Windows
#

---------------  T H R E A D  ---------------

Current thread (0x000000001e7ad000):  JavaThread "C2 CompilerThread1" daemon [_thread_in_native, id=19136, stack(0x000000001efd0000,0x000000001f0d0000)]

Stack: [0x000000001efd0000,0x000000001f0d0000]
[error occurred during error reporting (printing stack bounds), id 0xc0000005]

Native frames: (J=compiled Java code, j=interpreted, Vv=VM code, C=native code)


Current CompileTask:
C2:  13216 5773       4       org.springframework.core.annotation.TypeMappedAnnotations::get (93 bytes)


---------------  P R O C E S S  ---------------

Java Threads: ( => current thread )
  0x0000000021e88800 JavaThread "HikariPool-1 connection adder" daemon [_thread_blocked, id=15924, stack(0x0000000025440000,0x0000000025540000)]
  0x0000000020e2e000 JavaThread "HikariPool-1 housekeeper" daemon [_thread_blocked, id=15144, stack(0x0000000022900000,0x0000000022a00000)]
  0x0000000020834800 JavaThread "ReaderThread" [_thread_in_native, id=4740, stack(0x00000000203a0000,0x00000000204a0000)]
  0x000000001e825800 JavaThread "Service Thread" daemon [_thread_blocked, id=17572, stack(0x000000001f1d0000,0x000000001f2d0000)]
  0x000000001e7ba000 JavaThread "C1 CompilerThread2" daemon [_thread_blocked, id=21732, stack(0x000000001f0d0000,0x000000001f1d0000)]
=>0x000000001e7ad000 JavaThread "C2 CompilerThread1" daemon [_thread_in_native, id=19136, stack(0x000000001efd0000,0x000000001f0d0000)]
  0x000000001e681800 JavaThread "C2 CompilerThread0" daemon [_thread_in_native, id=21888, stack(0x000000001eed0000,0x000000001efd0000)]
  0x000000001e5c1000 JavaThread "org.jacoco.agent.rt.internal_3570298.output.TcpClientOutput" daemon [_thread_in_native, id=19988, stack(0x000000001edd0000,0x000000001eed0000)]
  0x000000001c82b000 JavaThread "Attach Listener" daemon [_thread_blocked, id=21068, stack(0x000000001dd90000,0x000000001de90000)]
  0x000000001c82a000 JavaThread "Signal Dispatcher" daemon [_thread_blocked, id=22088, stack(0x000000001dc90000,0x000000001dd90000)]
  0x000000001c815000 JavaThread "Finalizer" daemon [_thread_blocked, id=17744, stack(0x000000001da90000,0x000000001db90000)]
  0x000000001c7ea000 JavaThread "Reference Handler" daemon [_thread_blocked, id=22500, stack(0x000000001d990000,0x000000001da90000)]
  0x000000000324d000 JavaThread "main" [_thread_in_Java, id=8780, stack(0x0000000003100000,0x0000000003200000)]

Other Threads:
  0x000000001c7e8800 VMThread [stack: 0x000000001d890000,0x000000001d990000] [id=20560]
  0x000000001e810800 WatcherThread [stack: 0x000000001f2d0000,0x000000001f3d0000] [id=18092]

VM state:not at safepoint (normal execution)

VM Mutex/Monitor currently owned by a thread: None

Heap:
 PSYoungGen      total 434176K, used 121240K [0x000000076ca00000, 0x0000000788600000, 0x00000007c0000000)
  eden space 420864K, 28% used [0x000000076ca00000,0x0000000774066268,0x0000000786500000)
  from space 13312K, 0% used [0x0000000787900000,0x0000000787900000,0x0000000788600000)
  to   space 15872K, 0% used [0x0000000786700000,0x0000000786700000,0x0000000787680000)
 ParOldGen       total 147968K, used 25572K [0x00000006c5e00000, 0x00000006cee80000, 0x000000076ca00000)
  object space 147968K, 17% used [0x00000006c5e00000,0x00000006c76f93d8,0x00000006cee80000)
 Metaspace       used 59532K, capacity 62949K, committed 63192K, reserved 1103872K
  class space    used 7538K, capacity 8138K, committed 8192K, reserved 1048576K

Card table byte_map: [0x0000000012870000,0x0000000013050000] byte_map_base: 0x000000000f241000

Marking Bits: (ParMarkBitMap*) 0x000000005d1ad850
 Begin Bits: [0x0000000013990000, 0x0000000017818000)
 End Bits:   [0x0000000017818000, 0x000000001b6a0000)

Polling page: 0x0000000002f90000

CodeCache: size=245760Kb used=18327Kb max_used=18327Kb free=227432Kb
 bounds [0x00000000034b0000, 0x00000000046b0000, 0x00000000124b0000]
 total_blobs=5441 nmethods=4947 adapters=405
 compilation: enabled

Compilation events (10 events):
Event: 13.185 Thread 0x000000001e7ba000 5913       2       org.springframework.beans.factory.config.BeanPostProcessor::postProcessBeforeInitialization (10 bytes)
Event: 13.185 Thread 0x000000001e7ba000 nmethod 5913 0x000000000469ff50 code [0x00000000046a00c0, 0x00000000046a0268]
Event: 13.186 Thread 0x000000001e7ba000 5914       2       org.springframework.core.MethodParameter::getNestedParameterType (234 bytes)
Event: 13.187 Thread 0x000000001e7ba000 nmethod 5914 0x00000000046a0390 code [0x00000000046a05c0, 0x00000000046a0ea8]
Event: 13.194 Thread 0x000000001e7ba000 5915       2       org.springframework.aop.support.AopUtils::canApply (342 bytes)
Event: 13.196 Thread 0x000000001e7ba000 nmethod 5915 0x00000000046a1690 code [0x00000000046a19c0, 0x00000000046a2848]
Event: 13.196 Thread 0x000000001e7ba000 5916       2       org.springframework.core.annotation.AnnotationsScanner::isOverride (99 bytes)
Event: 13.197 Thread 0x000000001e7ba000 nmethod 5916 0x00000000046a3b90 code [0x00000000046a3d20, 0x00000000046a4068]
Event: 13.210 Thread 0x000000001e7ba000 5917       2       java.beans.PropertyDescriptor::<init> (63 bytes)
Event: 13.211 Thread 0x000000001e7ba000 nmethod 5917 0x00000000046a4350 code [0x00000000046a44e0, 0x00000000046a4868]

GC Heap History (10 events):
Event: 6.133 GC heap before
{Heap before GC invocations=9 (full 1):
 PSYoungGen      total 262656K, used 193820K [0x000000076ca00000, 0x0000000782200000, 0x00000007c0000000)
  eden space 255488K, 73% used [0x000000076ca00000,0x00000007780487f0,0x000000077c380000)
  from space 7168K, 99% used [0x000000077c380000,0x000000077ca7ec00,0x000000077ca80000)
  to   space 9216K, 0% used [0x0000000781900000,0x0000000781900000,0x0000000782200000)
 ParOldGen       total 94720K, used 8288K [0x00000006c5e00000, 0x00000006cba80000, 0x000000076ca00000)
  object space 94720K, 8% used [0x00000006c5e00000,0x00000006c6618058,0x00000006cba80000)
 Metaspace       used 33554K, capacity 35363K, committed 35456K, reserved 1081344K
  class space    used 4086K, capacity 4444K, committed 4480K, reserved 1048576K
Event: 6.151 GC heap after
Heap after GC invocations=9 (full 1):
 PSYoungGen      total 341504K, used 9208K [0x000000076ca00000, 0x0000000787480000, 0x00000007c0000000)
  eden space 332288K, 0% used [0x000000076ca00000,0x000000076ca00000,0x0000000780e80000)
  from space 9216K, 99% used [0x0000000781900000,0x00000007821fe210,0x0000000782200000)
  to   space 10752K, 0% used [0x0000000780e80000,0x0000000780e80000,0x0000000781900000)
 ParOldGen       total 94720K, used 9630K [0x00000006c5e00000, 0x00000006cba80000, 0x000000076ca00000)
  object space 94720K, 10% used [0x00000006c5e00000,0x00000006c6767b50,0x00000006cba80000)
 Metaspace       used 33554K, capacity 35363K, committed 35456K, reserved 1081344K
  class space    used 4086K, capacity 4444K, committed 4480K, reserved 1048576K
}
Event: 6.151 GC heap before
{Heap before GC invocations=10 (full 2):
 PSYoungGen      total 341504K, used 9208K [0x000000076ca00000, 0x0000000787480000, 0x00000007c0000000)
  eden space 332288K, 0% used [0x000000076ca00000,0x000000076ca00000,0x0000000780e80000)
  from space 9216K, 99% used [0x0000000781900000,0x00000007821fe210,0x0000000782200000)
  to   space 10752K, 0% used [0x0000000780e80000,0x0000000780e80000,0x0000000781900000)
 ParOldGen       total 94720K, used 9630K [0x00000006c5e00000, 0x00000006cba80000, 0x000000076ca00000)
  object space 94720K, 10% used [0x00000006c5e00000,0x00000006c6767b50,0x00000006cba80000)
 Metaspace       used 33554K, capacity 35363K, committed 35456K, reserved 1081344K
  class space    used 4086K, capacity 4444K, committed 4480K, reserved 1048576K
Event: 6.200 GC heap after
Heap after GC invocations=10 (full 2):
 PSYoungGen      total 341504K, used 0K [0x000000076ca00000, 0x0000000787480000, 0x00000007c0000000)
  eden space 332288K, 0% used [0x000000076ca00000,0x000000076ca00000,0x0000000780e80000)
  from space 9216K, 0% used [0x0000000781900000,0x0000000781900000,0x0000000782200000)
  to   space 10752K, 0% used [0x0000000780e80000,0x0000000780e80000,0x0000000781900000)
 ParOldGen       total 147968K, used 15413K [0x00000006c5e00000, 0x00000006cee80000, 0x000000076ca00000)
  object space 147968K, 10% used [0x00000006c5e00000,0x00000006c6d0d4e0,0x00000006cee80000)
 Metaspace       used 33554K, capacity 35363K, committed 35456K, reserved 1081344K
  class space    used 4086K, capacity 4444K, committed 4480K, reserved 1048576K
}
Event: 9.327 GC heap before
{Heap before GC invocations=11 (full 2):
 PSYoungGen      total 341504K, used 332288K [0x000000076ca00000, 0x0000000787480000, 0x00000007c0000000)
  eden space 332288K, 100% used [0x000000076ca00000,0x0000000780e80000,0x0000000780e80000)
  from space 9216K, 0% used [0x0000000781900000,0x0000000781900000,0x0000000782200000)
  to   space 10752K, 0% used [0x0000000780e80000,0x0000000780e80000,0x0000000781900000)
 ParOldGen       total 147968K, used 15413K [0x00000006c5e00000, 0x00000006cee80000, 0x000000076ca00000)
  object space 147968K, 10% used [0x00000006c5e00000,0x00000006c6d0d4e0,0x00000006cee80000)
 Metaspace       used 44603K, capacity 47103K, committed 47360K, reserved 1091584K
  class space    used 5613K, capacity 6079K, committed 6144K, reserved 1048576K
Event: 9.341 GC heap after
Heap after GC invocations=11 (full 2):
 PSYoungGen      total 343040K, used 10736K [0x000000076ca00000, 0x0000000788600000, 0x00000007c0000000)
  eden space 332288K, 0% used [0x000000076ca00000,0x000000076ca00000,0x0000000780e80000)
  from space 10752K, 99% used [0x0000000780e80000,0x00000007818fc390,0x0000000781900000)
  to   space 13312K, 0% used [0x0000000787900000,0x0000000787900000,0x0000000788600000)
 ParOldGen       total 147968K, used 18101K [0x00000006c5e00000, 0x00000006cee80000, 0x000000076ca00000)
  object space 147968K, 12% used [0x00000006c5e00000,0x00000006c6fad750,0x00000006cee80000)
 Metaspace       used 44603K, capacity 47103K, committed 47360K, reserved 1091584K
  class space    used 5613K, capacity 6079K, committed 6144K, reserved 1048576K
}
Event: 12.109 GC heap before
{Heap before GC invocations=12 (full 2):
 PSYoungGen      total 343040K, used 334564K [0x000000076ca00000, 0x0000000788600000, 0x00000007c0000000)
  eden space 332288K, 97% used [0x000000076ca00000,0x000000078063cec0,0x0000000780e80000)
  from space 10752K, 99% used [0x0000000780e80000,0x00000007818fc390,0x0000000781900000)
  to   space 13312K, 0% used [0x0000000787900000,0x0000000787900000,0x0000000788600000)
 ParOldGen       total 147968K, used 18101K [0x00000006c5e00000, 0x00000006cee80000, 0x000000076ca00000)
  object space 147968K, 12% used [0x00000006c5e00000,0x00000006c6fad750,0x00000006cee80000)
 Metaspace       used 56143K, capacity 58913K, committed 59096K, reserved 1101824K
  class space    used 7084K, capacity 7578K, committed 7680K, reserved 1048576K
Event: 12.130 GC heap after
Heap after GC invocations=12 (full 2):
 PSYoungGen      total 434176K, used 13293K [0x000000076ca00000, 0x0000000788600000, 0x00000007c0000000)
  eden space 420864K, 0% used [0x000000076ca00000,0x000000076ca00000,0x0000000786500000)
  from space 13312K, 99% used [0x0000000787900000,0x00000007885fb400,0x0000000788600000)
  to   space 15872K, 0% used [0x0000000786700000,0x0000000786700000,0x0000000787680000)
 ParOldGen       total 147968K, used 21056K [0x00000006c5e00000, 0x00000006cee80000, 0x000000076ca00000)
  object space 147968K, 14% used [0x00000006c5e00000,0x00000006c7290368,0x00000006cee80000)
 Metaspace       used 56143K, capacity 58913K, committed 59096K, reserved 1101824K
  class space    used 7084K, capacity 7578K, committed 7680K, reserved 1048576K
}
Event: 12.130 GC heap before
{Heap before GC invocations=13 (full 3):
 PSYoungGen      total 434176K, used 13293K [0x000000076ca00000, 0x0000000788600000, 0x00000007c0000000)
  eden space 420864K, 0% used [0x000000076ca00000,0x000000076ca00000,0x0000000786500000)
  from space 13312K, 99% used [0x0000000787900000,0x00000007885fb400,0x0000000788600000)
  to   space 15872K, 0% used [0x0000000786700000,0x0000000786700000,0x0000000787680000)
 ParOldGen       total 147968K, used 21056K [0x00000006c5e00000, 0x00000006cee80000, 0x000000076ca00000)
  object space 147968K, 14% used [0x00000006c5e00000,0x00000006c7290368,0x00000006cee80000)
 Metaspace       used 56143K, capacity 58913K, committed 59096K, reserved 1101824K
  class space    used 7084K, capacity 7578K, committed 7680K, reserved 1048576K
Event: 12.261 GC heap after
Heap after GC invocations=13 (full 3):
 PSYoungGen      total 434176K, used 0K [0x000000076ca00000, 0x0000000788600000, 0x00000007c0000000)
  eden space 420864K, 0% used [0x000000076ca00000,0x000000076ca00000,0x0000000786500000)
  from space 13312K, 0% used [0x0000000787900000,0x0000000787900000,0x0000000788600000)
  to   space 15872K, 0% used [0x0000000786700000,0x0000000786700000,0x0000000787680000)
 ParOldGen       total 147968K, used 25572K [0x00000006c5e00000, 0x00000006cee80000, 0x000000076ca00000)
  object space 147968K, 17% used [0x00000006c5e00000,0x00000006c76f93d8,0x00000006cee80000)
 Metaspace       used 56143K, capacity 58913K, committed 59096K, reserved 1101824K
  class space    used 7084K, capacity 7578K, committed 7680K, reserved 1048576K
}

Deoptimization events (10 events):
Event: 12.782 Thread 0x000000000324d000 Uncommon trap: reason=unstable_if action=reinterpret pc=0x000000000460e880 method=org.springframework.core.annotation.TypeMappedAnnotations$MergedAnnotationFinder.process(Ljava/lang/Object;ILjava/lang/Object;Ljava/lang/annotation/Annotation;)Lorg/springfr
Event: 12.790 Thread 0x000000000324d000 Uncommon trap: reason=unstable_if action=reinterpret pc=0x00000000045f78cc method=org.springframework.core.annotation.TypeMappedAnnotations$MergedAnnotationFinder.process(Ljava/lang/Object;ILjava/lang/Object;Ljava/lang/annotation/Annotation;)Lorg/springfr
Event: 12.836 Thread 0x000000000324d000 Uncommon trap: reason=unstable_if action=reinterpret pc=0x000000000457a7b4 method=org.springframework.core.annotation.AnnotationsScanner.isWithoutHierarchy(Ljava/lang/reflect/AnnotatedElement;Lorg/springframework/core/annotation/MergedAnnotations$SearchSt
Event: 12.933 Thread 0x000000000324d000 Uncommon trap: reason=bimorphic action=maybe_recompile pc=0x0000000003d27028 method=java.util.regex.Pattern$Curly.match0(Ljava/util/regex/Matcher;IILjava/lang/CharSequence;)Z @ 170
Event: 12.933 Thread 0x000000000324d000 Uncommon trap: reason=unstable_if action=reinterpret pc=0x0000000004051910 method=java.util.regex.Pattern$GroupTail.match(Ljava/util/regex/Matcher;ILjava/lang/CharSequence;)Z @ 13
Event: 12.934 Thread 0x000000000324d000 Uncommon trap: reason=bimorphic action=maybe_recompile pc=0x0000000003d27028 method=java.util.regex.Pattern$Curly.match0(Ljava/util/regex/Matcher;IILjava/lang/CharSequence;)Z @ 170
Event: 12.970 Thread 0x000000000324d000 Uncommon trap: reason=bimorphic action=maybe_recompile pc=0x0000000003d27028 method=java.util.regex.Pattern$Curly.match0(Ljava/util/regex/Matcher;IILjava/lang/CharSequence;)Z @ 170
Event: 12.971 Thread 0x000000000324d000 Uncommon trap: reason=unstable_if action=reinterpret pc=0x0000000003af35c0 method=java.util.regex.Matcher.match(II)Z @ 30
Event: 13.081 Thread 0x000000000324d000 Uncommon trap: reason=unstable_if action=reinterpret pc=0x0000000004601854 method=org.springframework.core.annotation.AnnotationsScanner.processClassHierarchy(Ljava/lang/Object;[ILjava/lang/Class;Lorg/springframework/core/annotation/AnnotationsProcessor;Z
Event: 13.101 Thread 0x000000000324d000 Uncommon trap: reason=bimorphic action=maybe_recompile pc=0x000000000375c72c method=java.util.Collections$SetFromMap.contains(Ljava/lang/Object;)Z @ 5

Internal exceptions (10 events):
Event: 13.184 Thread 0x000000000324d000 Exception <a 'java/lang/ClassNotFoundException': org/springframework/web/servlet/config/annotation/WebMvcConfigurerCustomizer> (0x0000000773b63098) thrown at [C:\re\workspace\8-2-build-windows-amd64-cygwin\jdk8u144\9417\hotspot\src\share\vm\classfile\syst
Event: 13.188 Thread 0x000000000324d000 Exception <a 'java/lang/ClassNotFoundException': java/lang/ObjectCustomizer> (0x0000000773ba4d08) thrown at [C:\re\workspace\8-2-build-windows-amd64-cygwin\jdk8u144\9417\hotspot\src\share\vm\classfile\systemDictionary.cpp, line 210]
Event: 13.189 Thread 0x000000000324d000 Exception <a 'java/lang/ClassNotFoundException': org/springframework/data/web/config/SpringDataWebConfigurationCustomizer> (0x0000000773be29b8) thrown at [C:\re\workspace\8-2-build-windows-amd64-cygwin\jdk8u144\9417\hotspot\src\share\vm\classfile\systemDi
Event: 13.191 Thread 0x000000000324d000 Exception <a 'java/lang/ClassNotFoundException': org/springframework/web/servlet/config/annotation/WebMvcConfigurerCustomizer> (0x0000000773c28eb0) thrown at [C:\re\workspace\8-2-build-windows-amd64-cygwin\jdk8u144\9417\hotspot\src\share\vm\classfile\syst
Event: 13.193 Thread 0x000000000324d000 Exception <a 'java/lang/ClassNotFoundException': org/springframework/beans/factory/BeanClassLoaderAwareCustomizer> (0x0000000773c6e4b0) thrown at [C:\re\workspace\8-2-build-windows-amd64-cygwin\jdk8u144\9417\hotspot\src\share\vm\classfile\systemDictionary
Event: 13.194 Thread 0x000000000324d000 Exception <a 'java/lang/ClassNotFoundException': org/springframework/beans/factory/AwareCustomizer> (0x0000000773c9c340) thrown at [C:\re\workspace\8-2-build-windows-amd64-cygwin\jdk8u144\9417\hotspot\src\share\vm\classfile\systemDictionary.cpp, line 210]
Event: 13.209 Thread 0x000000000324d000 Exception <a 'java/lang/ClassNotFoundException': java/lang/ObjectCustomizer> (0x0000000773de0fc0) thrown at [C:\re\workspace\8-2-build-windows-amd64-cygwin\jdk8u144\9417\hotspot\src\share\vm\classfile\systemDictionary.cpp, line 210]
Event: 13.210 Thread 0x000000000324d000 Exception <a 'java/lang/ClassNotFoundException': org/springframework/web/accept/ContentNegotiationManagerCustomizer> (0x0000000773e19c70) thrown at [C:\re\workspace\8-2-build-windows-amd64-cygwin\jdk8u144\9417\hotspot\src\share\vm\classfile\systemDictiona
Event: 13.211 Thread 0x000000000324d000 Exception <a 'java/lang/ClassNotFoundException': org/springframework/web/accept/ContentNegotiationStrategyCustomizer> (0x0000000773e61da0) thrown at [C:\re\workspace\8-2-build-windows-amd64-cygwin\jdk8u144\9417\hotspot\src\share\vm\classfile\systemDiction
Event: 13.212 Thread 0x000000000324d000 Exception <a 'java/lang/ClassNotFoundException': org/springframework/web/accept/MediaTypeFileExtensionResolverCustomizer> (0x0000000773e9cd60) thrown at [C:\re\workspace\8-2-build-windows-amd64-cygwin\jdk8u144\9417\hotspot\src\share\vm\classfile\systemDic

Events (10 events):
Event: 13.211 loading class org/springframework/web/accept/ContentNegotiationStrategyCustomizer
Event: 13.211 loading class org/springframework/web/accept/ContentNegotiationStrategyCustomizer done
Event: 13.211 loading class org/springframework/web/accept/ContentNegotiationStrategyCustomizer
Event: 13.211 loading class org/springframework/web/accept/ContentNegotiationStrategyCustomizer done
Event: 13.211 loading class org/springframework/web/accept/MediaTypeFileExtensionResolverCustomizer
Event: 13.211 loading class org/springframework/web/accept/MediaTypeFileExtensionResolverCustomizer done
Event: 13.212 loading class org/springframework/web/accept/MediaTypeFileExtensionResolverCustomizer
Event: 13.212 loading class org/springframework/web/accept/MediaTypeFileExtensionResolverCustomizer done
Event: 13.212 loading class org/springframework/web/accept/MediaTypeFileExtensionResolverCustomizer
Event: 13.212 loading class org/springframework/web/accept/MediaTypeFileExtensionResolverCustomizer done


Dynamic libraries:
0x00007ff7a3240000 - 0x00007ff7a3277000 	C:\Program Files\Java\jdk1.8.0_144\bin\javaw.exe
0x00007ff853830000 - 0x00007ff853a28000 	C:\Windows\SYSTEM32\ntdll.dll
0x00007ff853730000 - 0x00007ff8537ef000 	C:\Windows\System32\KERNEL32.DLL
0x00007ff851400000 - 0x00007ff8516d2000 	C:\Windows\System32\KERNELBASE.dll
0x00007ff852d30000 - 0x00007ff852dde000 	C:\Windows\System32\ADVAPI32.dll
0x00007ff853690000 - 0x00007ff85372e000 	C:\Windows\System32\msvcrt.dll
0x00007ff8533b0000 - 0x00007ff85344c000 	C:\Windows\System32\sechost.dll
0x00007ff851b10000 - 0x00007ff851c35000 	C:\Windows\System32\RPCRT4.dll
0x00007ff852ec0000 - 0x00007ff85305d000 	C:\Windows\System32\USER32.dll
0x00007ff850f80000 - 0x00007ff850fa2000 	C:\Windows\System32\win32u.dll
0x00007ff853060000 - 0x00007ff85308b000 	C:\Windows\System32\GDI32.dll
0x00007ff851250000 - 0x00007ff85135f000 	C:\Windows\System32\gdi32full.dll
0x00007ff851360000 - 0x00007ff8513fd000 	C:\Windows\System32\msvcp_win.dll
0x00007ff851750000 - 0x00007ff851850000 	C:\Windows\System32\ucrtbase.dll
0x00007ff83f800000 - 0x00007ff83fa9a000 	C:\Windows\WinSxS\amd64_microsoft.windows.common-controls_6595b64144ccf1df_6.0.19041.1110_none_60b5254171f9507e\COMCTL32.dll
0x00007ff853120000 - 0x00007ff853152000 	C:\Windows\System32\IMM32.DLL
0x000000005d230000 - 0x000000005d302000 	C:\Program Files\Java\jdk1.8.0_144\jre\bin\msvcr100.dll
0x000000005c990000 - 0x000000005d22d000 	C:\Program Files\Java\jdk1.8.0_144\jre\bin\server\jvm.dll
0x00007ff8530a0000 - 0x00007ff8530a8000 	C:\Windows\System32\PSAPI.DLL
0x00007ff83db80000 - 0x00007ff83db89000 	C:\Windows\SYSTEM32\WSOCK32.dll
0x00007ff83e990000 - 0x00007ff83e9b7000 	C:\Windows\SYSTEM32\WINMM.dll
0x00007ff8530b0000 - 0x00007ff85311b000 	C:\Windows\System32\WS2_32.dll
0x00007ff848760000 - 0x00007ff84876a000 	C:\Windows\SYSTEM32\VERSION.dll
0x000000005c980000 - 0x000000005c98f000 	C:\Program Files\Java\jdk1.8.0_144\jre\bin\verify.dll
0x000000005c950000 - 0x000000005c979000 	C:\Program Files\Java\jdk1.8.0_144\jre\bin\java.dll
0x000000005b130000 - 0x000000005b153000 	C:\Program Files\Java\jdk1.8.0_144\jre\bin\instrument.dll
0x000000005c930000 - 0x000000005c946000 	C:\Program Files\Java\jdk1.8.0_144\jre\bin\zip.dll
0x00007ff852180000 - 0x00007ff8528c3000 	C:\Windows\System32\SHELL32.dll
0x00007ff84eed0000 - 0x00007ff84f662000 	C:\Windows\SYSTEM32\windows.storage.dll
0x00007ff852930000 - 0x00007ff852c84000 	C:\Windows\System32\combase.dll
0x00007ff8508b0000 - 0x00007ff8508e0000 	C:\Windows\SYSTEM32\Wldp.dll
0x00007ff853450000 - 0x00007ff8534fd000 	C:\Windows\System32\SHCORE.dll
0x00007ff8528d0000 - 0x00007ff852925000 	C:\Windows\System32\shlwapi.dll
0x00007ff850e70000 - 0x00007ff850e8f000 	C:\Windows\SYSTEM32\profapi.dll
0x000000005c910000 - 0x000000005c92a000 	C:\Program Files\Java\jdk1.8.0_144\jre\bin\net.dll
0x00007ff850610000 - 0x00007ff85067a000 	C:\Windows\system32\mswsock.dll
0x00007ff83c250000 - 0x00007ff83c267000 	C:\Windows\system32\napinsp.dll
0x00007ff83c230000 - 0x00007ff83c24b000 	C:\Windows\system32\pnrpnsp.dll
0x00007ff84ab80000 - 0x00007ff84ab95000 	C:\Windows\system32\wshbth.dll
0x00007ff84c2a0000 - 0x00007ff84c2bd000 	C:\Windows\system32\NLAapi.dll
0x00007ff850300000 - 0x00007ff85033b000 	C:\Windows\SYSTEM32\IPHLPAPI.DLL
0x00007ff850340000 - 0x00007ff85040a000 	C:\Windows\SYSTEM32\DNSAPI.dll
0x00007ff852d20000 - 0x00007ff852d28000 	C:\Windows\System32\NSI.dll
0x00007ff83c210000 - 0x00007ff83c222000 	C:\Windows\System32\winrnr.dll
0x00007ff83f310000 - 0x00007ff83f31a000 	C:\Windows\System32\rasadhlp.dll
0x00007ff83fbf0000 - 0x00007ff83fc70000 	C:\Windows\System32\fwpuclnt.dll
0x00007ff851850000 - 0x00007ff851877000 	C:\Windows\System32\bcrypt.dll
0x000000005c8f0000 - 0x000000005c901000 	C:\Program Files\Java\jdk1.8.0_144\jre\bin\nio.dll
0x000000005c8e0000 - 0x000000005c8ed000 	C:\Program Files\Java\jdk1.8.0_144\jre\bin\management.dll
0x00007ff850800000 - 0x00007ff850818000 	C:\Windows\SYSTEM32\CRYPTSP.dll
0x00007ff84ff30000 - 0x00007ff84ff64000 	C:\Windows\system32\rsaenh.dll
0x00007ff850e30000 - 0x00007ff850e5e000 	C:\Windows\SYSTEM32\USERENV.dll
0x00007ff8511c0000 - 0x00007ff851242000 	C:\Windows\System32\bcryptprimitives.dll
0x00007ff850820000 - 0x00007ff85082c000 	C:\Windows\SYSTEM32\CRYPTBASE.dll
0x00007ff844c50000 - 0x00007ff844c67000 	C:\Windows\SYSTEM32\dhcpcsvc6.DLL
0x00007ff846880000 - 0x00007ff84689d000 	C:\Windows\SYSTEM32\dhcpcsvc.DLL

VM Arguments:
jvm_args: -javaagent:D:\SFT\spring-tool-suite-3.9.12.RELEASE-e4.15.0-win32-x86_64\sts-bundle\sts-3.9.12.RELEASE\configuration\org.eclipse.osgi\905\0\.cp\jacocoagent.jar=includes=*,excludes=,exclclassloader=sun.reflect.DelegatingClassLoader,output=tcpclient,port=53486 -ea -Dfile.encoding=UTF-8 -Xbootclasspath:C:\Program Files\Java\jre1.8.0_144\lib\resources.jar;C:\Program Files\Java\jre1.8.0_144\lib\rt.jar;C:\Program Files\Java\jre1.8.0_144\lib\jsse.jar;C:\Program Files\Java\jre1.8.0_144\lib\jce.jar;C:\Program Files\Java\jre1.8.0_144\lib\charsets.jar;C:\Program Files\Java\jre1.8.0_144\lib\jfr.jar;C:\Program Files\Java\jre1.8.0_144\lib\ext\access-bridge-64.jar;C:\Program Files\Java\jre1.8.0_144\lib\ext\cldrdata.jar;C:\Program Files\Java\jre1.8.0_144\lib\ext\dnsns.jar;C:\Program Files\Java\jre1.8.0_144\lib\ext\jaccess.jar;C:\Program Files\Java\jre1.8.0_144\lib\ext\jfxrt.jar;C:\Program Files\Java\jre1.8.0_144\lib\ext\localedata.jar;C:\Program Files\Java\jre1.8.0_144\lib\ext\nashorn.jar;C:\Program Files\Java\jre1.8.0_144\lib\ext\sunec.jar;C:\Program Files\Java\jre1.8.0_144\lib\ext\sunjce_provider.jar;C:\Program Files\Java\jre1.8.0_144\lib\ext\sunmscapi.jar;C:\Program Files\Java\jre1.8.0_144\lib\ext\sunpkcs11.jar;C:\Program Files\Java\jre1.8.0_144\lib\ext\zipfs.jar 
java_command: org.eclipse.jdt.internal.junit.runner.RemoteTestRunner -version 3 -port 53487 -testLoaderClass org.eclipse.jdt.internal.junit5.runner.JUnit5TestLoader -loaderpluginname org.eclipse.jdt.junit5.runtime -packageNameFile C:\Users\Dell\AppData\Local\Temp\packageNames6844699178818733015.txt
java_class_path (initial): D:\stswkspc\UniveristyBusFare\target\test-classes;D:\stswkspc\UniveristyBusFare\target\classes;C:\Users\Dell\.m2\repository\org\springframework\boot\spring-boot-starter-data-jpa\2.7.0\spring-boot-starter-data-jpa-2.7.0.jar;C:\Users\Dell\.m2\repository\org\springframework\boot\spring-boot-starter-aop\2.7.0\spring-boot-starter-aop-2.7.0.jar;C:\Users\Dell\.m2\repository\org\aspectj\aspectjweaver\1.9.7\aspectjweaver-1.9.7.jar;C:\Users\Dell\.m2\repository\org\springframework\boot\spring-boot-starter-jdbc\2.7.0\spring-boot-starter-jdbc-2.7.0.jar;C:\Users\Dell\.m2\repository\com\zaxxer\HikariCP\4.0.3\HikariCP-4.0.3.jar;C:\Users\Dell\.m2\repository\org\springframework\spring-jdbc\5.3.20\spring-jdbc-5.3.20.jar;C:\Users\Dell\.m2\repository\jakarta\transaction\jakarta.transaction-api\1.3.3\jakarta.transaction-api-1.3.3.jar;C:\Users\Dell\.m2\repository\jakarta\persistence\jakarta.persistence-api\2.2.3\jakarta.persistence-api-2.2.3.jar;C:\Users\Dell\.m2\repository\org\hibernate\hibernate-core\5.6.9.Final\hibernate-core-5.6.9.Final.jar;C:\Users\Dell\.m2\repository\org\jboss\logging\jboss-logging\3.4.3.Final\jboss-logging-3.4.3.Final.jar;C:\Users\Dell\.m2\repository\antlr\antlr\2.7.7\antlr-2.7.7.jar;C:\Users\Dell\.m2\repository\org\jboss\jandex\2.4.2.Final\jandex-2.4.2.Final.jar;C:\Users\Dell\.m2\repository\org\hibernate\common\hibernate-commons-annotations\5.1.2.Final\hibernate-commons-annotations-5.1.2.Final.jar;C:\Users\Dell\.m2\repository\org\glassfish\jaxb\jaxb-runtime\2.3.6\jaxb-runtime-2.3.6.jar;C:\Users\Dell\.m2\repository\org\glassfish\jaxb\txw2\2.3.6\txw2-2.3.6.jar;C:\Users\Dell\.m2\repository\com\sun\istack\istack-commons-runtime\3.0.12\istack-commons-runtime-3.0.12.jar;C:\Users\Dell\.m2\repository\com\sun\activation\jakarta.activation\1.2.2\jakarta.activation-1.2.2.jar;C:\Users\Dell\.m2\repository\org\springframework\data\spring-data-jpa\2.7.0\spring-data-jpa-2.7.0.jar;C:\Users\Dell\.m2\repository\org\springframework\data\spring-data-common
Launcher Type: SUN_STANDARD

Environment Variables:
JAVA_HOME=C:\Program Files\Java\jdk1.8.0_144
PATH=C:/Program Files/Java/jre1.8.0_144/bin/server;C:/Program Files/Java/jre1.8.0_144/bin;C:/Program Files/Java/jre1.8.0_144/lib/amd64;C:\Program Files\Common Files\Oracle\Java\javapath;C:\Program Files\ARM\bin\win_32-pentium;C:\ProgramData\Oracle\Java\javapath;C:\Windows\system32;C:\Windows;C:\Windows\System32\Wbem;C:\Windows\System32\WindowsPowerShell\v1.0\;C:\Windows\System32\OpenSSH\;C:\Program Files\ARM\RVCT\Programs\4.0\436\multi1\win_32-pentium;C:\Program Files\ARM\RVI\Tools\3.3\106\programs\win_32-pentium;C:\Program Files\ARM\RVD\Core\4.0\1106\win_32-pentium\bin;C:\Program Files\ARM\Utilities\FLEXlm\10.8.5.0\1\win_32-pentium;C:\Program Files\ARM\RVI\GDB\3.3\8;C:\Strawberry\c\bin;C:\Strawberry\perl\site\bin;C:\Strawberry\perl\bin;C:\TermDev\Point\Util;C:\Python310;C:\Program Files\7-Zip;C:\VCTOOLS;C:\Program Files\SafeNet\Authentication\SAC\x64;C:\Program Files\SafeNet\Authentication\SAC\x32;C:\Program Files\Gemalto\Classic Client\BIN;C:\Program Files (x86)\Gemalto\Classic Client\BIN;C:\Program Files\PuTTY\;C:\Program Files\Java\jdk1.8.0_144\bin;C:\Program Files\TortoiseSVN\bin;%maven%;C:\Program Files (x86)\Pulse Secure\VC142.CRT\X64\;C:\Program Files (x86)\Pulse Secure\VC142.CRT\X86\;C:\Program Files\nodejs\;C:\ProgramData\chocolatey\bin;C:\Users\Dell\AppData\Local\Android\Sdk\platform-tools;C:\Users\Dell\AppData\Local\Android\Sdk\platform-tools;%MAVEN_HOME%;C:\Program Files\Git\cmd;C:\Program Files (x86)\VeriFone\FST\;C:\Program Files\Java\jre1.8.0_144\bin;;C:\Program Files\Docker\Docker\resources\bin;C:\ProgramData\DockerDesktop\version-bin;C:\Program Files\MySQL\MySQL Shell 8.0\bin\;C:\Users\Dell\AppData\Local\Microsoft\WindowsApps;C:\Users\Dell\AppData\Roaming\npm;C:\Users\Dell\AppData\Local\Android\Sdk\platform-tools;C:\Program Files\JetBrains\IntelliJ IDEA Community Edition 2022.1.3\bin;;C:\Program Files\Java\jdk1.8.0_144;;D:\SFT\spring-tool-suite-3.9.12.RELEASE-e4.15.0-win32-x86_64\sts-bundle\sts-3.9.12.RELEASE;
USERNAME=Ashok
OS=Windows_NT
PROCESSOR_IDENTIFIER=Intel64 Family 6 Model 142 Stepping 9, GenuineIntel



---------------  S Y S T E M  ---------------

OS: Windows 10.0 , 64 bit Build 19041 (10.0.19041.2251)

CPU:total 4 (initial active 4) (2 cores per cpu, 2 threads per core) family 6 model 142 stepping 9, cmov, cx8, fxsr, mmx, sse, sse2, sse3, ssse3, sse4.1, sse4.2, popcnt, avx, avx2, aes, clmul, erms, rtm, 3dnowpref, lzcnt, ht, tsc, tscinvbit, bmi1, bmi2, adx

Memory: 4k page, physical 16384440k(2159040k free), swap 25338596k(5128k free)

vm_info: Java HotSpot(TM) 64-Bit Server VM (25.144-b01) for windows-amd64 JRE (1.8.0_144-b01), built on Jul 21 2017 21:57:33 by "java_re" with MS VC++ 10.0 (VS2010)

time: Thu Dec 15 18:09:45 2022
elapsed time: 13 seconds (0d 0h 0m 13s)

